[0125/122122.253:ERROR:directory_reader_win.cc(43)] FindFirstFile: Системе не удается найти указанный путь. (0x3)
[0126/232124.023:ERROR:directory_reader_win.cc(43)] FindFirstFile: Системе не удается найти указанный путь. (0x3)
[0129/143848.187:ERROR:directory_reader_win.cc(43)] FindFirstFile: Системе не удается найти указанный путь. (0x3)
[0131/114810.501:ERROR:directory_reader_win.cc(43)] FindFirstFile: Системе не удается найти указанный путь. (0x3)
[0202/104305.449:ERROR:directory_reader_win.cc(43)] FindFirstFile: Системе не удается найти указанный путь. (0x3)
[0202/233127.877:ERROR:process_memory_win.cc(73)] ReadMemory at 0x7ff74a1e0000 of 64 bytes failed: Запрос ReadProcessMemory или WriteProcessMemory был выполнен только частично. (0x12B)
[0202/233127.877:WARNING:pe_image_reader.cc(340)] could not read dos header from C:\Program Files (x86)\AVAST Software\Browser\Application\AvastBrowser.exe
[0202/233127.877:ERROR:process_memory_win.cc(73)] ReadMemory at 0x7ffa3c260000 of 64 bytes failed: Запрос ReadProcessMemory или WriteProcessMemory был выполнен только частично. (0x12B)
[0202/233127.877:WARNING:pe_image_reader.cc(340)] could not read dos header from C:\Windows\SYSTEM32\ntdll.dll
[0202/233127.877:ERROR:process_memory_win.cc(73)] ReadMemory at 0x7ffa3a310000 of 64 bytes failed: Запрос ReadProcessMemory или WriteProcessMemory был выполнен только частично. (0x12B)
[0202/233127.877:WARNING:pe_image_reader.cc(340)] could not read dos header from C:\Windows\System32\KERNEL32.DLL
[0202/233127.878:ERROR:process_memory_win.cc(73)] ReadMemory at 0x7ffa39980000 of 64 bytes failed: Запрос ReadProcessMemory или WriteProcessMemory был выполнен только частично. (0x12B)
[0202/233127.878:WARNING:pe_image_reader.cc(340)] could not read dos header from C:\Windows\System32\KERNELBASE.dll
[0202/233127.878:ERROR:process_memory_win.cc(73)] ReadMemory at 0x7ff9d32b0000 of 64 bytes failed: Запрос ReadProcessMemory или WriteProcessMemory был выполнен только частично. (0x12B)
[0202/233127.878:WARNING:pe_image_reader.cc(340)] could not read dos header from C:\Program Files (x86)\AVAST Software\Browser\Application\87.0.7480.89\chrome_elf.dll
[0202/233127.878:ERROR:process_memory_win.cc(73)] ReadMemory at 0x7ffa32050000 of 64 bytes failed: Запрос ReadProcessMemory или WriteProcessMemory был выполнен только частично. (0x12B)
[0202/233127.878:WARNING:pe_image_reader.cc(340)] could not read dos header from C:\Windows\SYSTEM32\VERSION.dll
[0202/233127.878:ERROR:process_memory_win.cc(73)] ReadMemory at 0x7ffa3ac00000 of 64 bytes failed: Запрос ReadProcessMemory или WriteProcessMemory был выполнен только частично. (0x12B)
[0202/233127.878:WARNING:pe_image_reader.cc(340)] could not read dos header from C:\Windows\System32\msvcrt.dll
[0202/233127.878:ERROR:process_memory_win.cc(73)] ReadMemory at 0x7ffa39f10000 of 64 bytes failed: Запрос ReadProcessMemory или WriteProcessMemory был выполнен только частично. (0x12B)
[0202/233127.878:WARNING:pe_image_reader.cc(340)] could not read dos header from C:\Windows\System32\bcryptPrimitives.dll
[0202/233127.878:ERROR:process_memory_win.cc(73)] ReadMemory at 0x7ffa3a840000 of 64 bytes failed: Запрос ReadProcessMemory или WriteProcessMemory был выполнен только частично. (0x12B)
[0202/233127.878:WARNING:pe_image_reader.cc(340)] could not read dos header from C:\Windows\System32\ADVAPI32.dll
[0202/233127.878:ERROR:process_memory_win.cc(73)] ReadMemory at 0x7ffa3a460000 of 64 bytes failed: Запрос ReadProcessMemory или WriteProcessMemory был выполнен только частично. (0x12B)
[0202/233127.878:WARNING:pe_image_reader.cc(340)] could not read dos header from C:\Windows\System32\sechost.dll
[0202/233127.878:ERROR:process_memory_win.cc(73)] ReadMemory at 0x7ffa3add0000 of 64 bytes failed: Запрос ReadProcessMemory или WriteProcessMemory был выполнен только частично. (0x12B)
[0202/233127.878:WARNING:pe_image_reader.cc(340)] could not read dos header from C:\Windows\System32\RPCRT4.dll
[0202/233127.879:ERROR:process_memory_win.cc(73)] ReadMemory at 0x7ff9ac0b0000 of 64 bytes failed: Запрос ReadProcessMemory или WriteProcessMemory был выполнен только частично. (0x12B)
[0202/233127.879:WARNING:pe_image_reader.cc(340)] could not read dos header from C:\Program Files (x86)\AVAST Software\Browser\Application\87.0.7480.89\chrome.dll
[0202/233127.879:ERROR:process_memory_win.cc(73)] ReadMemory at 0x7ffa3afa0000 of 64 bytes failed: Запрос ReadProcessMemory или WriteProcessMemory был выполнен только частично. (0x12B)
[0202/233127.879:WARNING:pe_image_reader.cc(340)] could not read dos header from C:\Windows\System32\WS2_32.dll
[0202/233127.879:ERROR:process_memory_win.cc(73)] ReadMemory at 0x7ffa3ab30000 of 64 bytes failed: Запрос ReadProcessMemory или WriteProcessMemory был выполнен только частично. (0x12B)
[0202/233127.880:WARNING:pe_image_reader.cc(340)] could not read dos header from C:\Windows\System32\OLEAUT32.dll
[0202/233127.880:ERROR:process_memory_win.cc(73)] ReadMemory at 0x7ffa39ff0000 of 64 bytes failed: Запрос ReadProcessMemory или WriteProcessMemory был выполнен только частично. (0x12B)
[0202/233127.880:WARNING:pe_image_reader.cc(340)] could not read dos header from C:\Windows\System32\msvcp_win.dll
[0202/233127.880:ERROR:process_memory_win.cc(73)] ReadMemory at 0x7ffa3a090000 of 64 bytes failed: Запрос ReadProcessMemory или WriteProcessMemory был выполнен только частично. (0x12B)
[0202/233127.880:WARNING:pe_image_reader.cc(340)] could not read dos header from C:\Windows\System32\ucrtbase.dll
[0202/233127.880:ERROR:process_memory_win.cc(73)] ReadMemory at 0x7ffa3a500000 of 64 bytes failed: Запрос ReadProcessMemory или WriteProcessMemory был выполнен только частично. (0x12B)
[0202/233127.880:WARNING:pe_image_reader.cc(340)] could not read dos header from C:\Windows\System32\combase.dll
[0202/233127.880:ERROR:process_memory_win.cc(73)] ReadMemory at 0x7ffa39eb0000 of 64 bytes failed: Запрос ReadProcessMemory или WriteProcessMemory был выполнен только частично. (0x12B)
[0202/233127.880:WARNING:pe_image_reader.cc(340)] could not read dos header from C:\Windows\System32\WINTRUST.dll
[0202/233127.880:ERROR:process_memory_win.cc(73)] ReadMemory at 0x7ffa39190000 of 64 bytes failed: Запрос ReadProcessMemory или WriteProcessMemory был выполнен только частично. (0x12B)
[0202/233127.880:WARNING:pe_image_reader.cc(340)] could not read dos header from C:\Windows\System32\MSASN1.dll
[0202/233127.880:ERROR:process_memory_win.cc(73)] ReadMemory at 0x7ffa3a1c0000 of 64 bytes failed: Запрос ReadProcessMemory или WriteProcessMemory был выполнен только частично. (0x12B)
[0202/233127.881:WARNING:pe_image_reader.cc(340)] could not read dos header from C:\Windows\System32\CRYPT32.dll
[0202/233127.881:ERROR:process_memory_win.cc(73)] ReadMemory at 0x7ffa37ad0000 of 64 bytes failed: Запрос ReadProcessMemory или WriteProcessMemory был выполнен только частично. (0x12B)
[0202/233127.881:WARNING:pe_image_reader.cc(340)] could not read dos header from C:\Windows\SYSTEM32\dbghelp.dll
[0202/233127.881:ERROR:process_memory_win.cc(73)] ReadMemory at 0x7ffa38660000 of 64 bytes failed: Запрос ReadProcessMemory или WriteProcessMemory был выполнен только частично. (0x12B)
[0202/233127.881:WARNING:pe_image_reader.cc(340)] could not read dos header from C:\Windows\SYSTEM32\IPHLPAPI.DLL
[0202/233127.881:ERROR:process_memory_win.cc(73)] ReadMemory at 0x7ffa2f810000 of 64 bytes failed: Запрос ReadProcessMemory или WriteProcessMemory был выполнен только частично. (0x12B)
[0202/233127.881:WARNING:pe_image_reader.cc(340)] could not read dos header from C:\Windows\SYSTEM32\WINMM.dll
[0202/233127.881:ERROR:process_memory_win.cc(73)] ReadMemory at 0x7ffa01570000 of 64 bytes failed: Запрос ReadProcessMemory или WriteProcessMemory был выполнен только частично. (0x12B)
[0202/233127.881:WARNING:pe_image_reader.cc(340)] could not read dos header from C:\Windows\SYSTEM32\UIAutomationCore.DLL
[0202/233127.881:ERROR:process_memory_win.cc(73)] ReadMemory at 0x7ffa2e0f0000 of 64 bytes failed: Запрос ReadProcessMemory или WriteProcessMemory был выполнен только частично. (0x12B)
[0202/233127.881:WARNING:pe_image_reader.cc(340)] could not read dos header from C:\Windows\SYSTEM32\Secur32.dll
[0202/233127.882:ERROR:process_memory_win.cc(73)] ReadMemory at 0x7ffa38ff0000 of 64 bytes failed: Запрос ReadProcessMemory или WriteProcessMemory был выполнен только частично. (0x12B)
[0202/233127.882:WARNING:pe_image_reader.cc(340)] could not read dos header from C:\Windows\SYSTEM32\USERENV.dll
[0202/233127.882:ERROR:process_memory_win.cc(73)] ReadMemory at 0x7ffa391b0000 of 64 bytes failed: Запрос ReadProcessMemory или WriteProcessMemory был выполнен только частично. (0x12B)
[0202/233127.882:WARNING:pe_image_reader.cc(340)] could not read dos header from C:\Windows\System32\profapi.dll
[0202/233127.882:ERROR:process_memory_win.cc(73)] ReadMemory at 0x7ffa23670000 of 64 bytes failed: Запрос ReadProcessMemory или WriteProcessMemory был выполнен только частично. (0x12B)
[0202/233127.882:WARNING:pe_image_reader.cc(340)] could not read dos header from C:\Windows\SYSTEM32\DWrite.dll
[0202/233127.882:ERROR:process_memory_win.cc(73)] ReadMemory at 0x7ffa0d280000 of 64 bytes failed: Запрос ReadProcessMemory или WriteProcessMemory был выполнен только частично. (0x12B)
[0202/233127.882:WARNING:pe_image_reader.cc(340)] could not read dos header from C:\Windows\SYSTEM32\WINSPOOL.DRV
[0202/233127.882:ERROR:process_memory_win.cc(73)] ReadMemory at 0x7ffa39170000 of 64 bytes failed: Запрос ReadProcessMemory или WriteProcessMemory был выполнен только частично. (0x12B)
[0202/233127.882:WARNING:pe_image_reader.cc(340)] could not read dos header from C:\Windows\System32\kernel.appcore.dll
[0202/233127.882:ERROR:process_memory_win.cc(73)] ReadMemory at 0x7ffa3a190000 of 64 bytes failed: Запрос ReadProcessMemory или WriteProcessMemory был выполнен только частично. (0x12B)
[0202/233127.882:WARNING:pe_image_reader.cc(340)] could not read dos header from C:\Windows\System32\bcrypt.dll
[0202/233127.883:ERROR:process_memory_win.cc(73)] ReadMemory at 0x7ffa2de80000 of 64 bytes failed: Запрос ReadProcessMemory или WriteProcessMemory был выполнен только частично. (0x12B)
[0202/233127.883:WARNING:pe_image_reader.cc(340)] could not read dos header from C:\Windows\SYSTEM32\WINHTTP.dll
[0202/233127.883:ERROR:process_memory_win.cc(73)] ReadMemory at 0x7ffa379e0000 of 64 bytes failed: Запрос ReadProcessMemory или WriteProcessMemory был выполнен только частично. (0x12B)
[0202/233127.883:WARNING:pe_image_reader.cc(340)] could not read dos header from C:\Windows\SYSTEM32\dhcpcsvc.DLL
[0202/233127.883:ERROR:process_memory_win.cc(73)] ReadMemory at 0x7ffa3aa10000 of 64 bytes failed: Запрос ReadProcessMemory или WriteProcessMemory был выполнен только частично. (0x12B)
[0202/233127.883:WARNING:pe_image_reader.cc(340)] could not read dos header from C:\Windows\System32\NSI.dll
[0202/233127.883:ERROR:process_memory_win.cc(73)] ReadMemory at 0x7ffa2f5d0000 of 64 bytes failed: Запрос ReadProcessMemory или WriteProcessMemory был выполнен только частично. (0x12B)
[0202/233127.883:WARNING:pe_image_reader.cc(340)] could not read dos header from C:\Windows\SYSTEM32\WINMMBASE.dll
[0202/233127.883:ERROR:process_memory_win.cc(73)] ReadMemory at 0x7ffa39fa0000 of 64 bytes failed: Запрос ReadProcessMemory или WriteProcessMemory был выполнен только частично. (0x12B)
[0202/233127.883:WARNING:pe_image_reader.cc(340)] could not read dos header from C:\Windows\System32\cfgmgr32.dll
[0202/233127.883:ERROR:process_memory_win.cc(73)] ReadMemory at 0x7ffa35750000 of 64 bytes failed: Запрос ReadProcessMemory или WriteProcessMemory был выполнен только частично. (0x12B)
[0202/233127.883:WARNING:pe_image_reader.cc(340)] could not read dos header from C:\Windows\SYSTEM32\PROPSYS.dll
[0202/233127.884:ERROR:process_memory_win.cc(73)] ReadMemory at 0x7ffa3aa20000 of 64 bytes failed: Запрос ReadProcessMemory или WriteProcessMemory был выполнен только частично. (0x12B)
[0202/233127.884:WARNING:pe_image_reader.cc(340)] could not read dos header from C:\Windows\System32\shcore.dll
[0202/233127.884:ERROR:process_memory_win.cc(73)] ReadMemory at 0x7ffa39020000 of 64 bytes failed: Запрос ReadProcessMemory или WriteProcessMemory был выполнен только частично. (0x12B)
[0202/233127.884:WARNING:pe_image_reader.cc(340)] could not read dos header from C:\Windows\SYSTEM32\SSPICLI.DLL
[0202/233127.884:ERROR:process_memory_win.cc(73)] ReadMemory at 0x7ffa38b20000 of 64 bytes failed: Запрос ReadProcessMemory или WriteProcessMemory был выполнен только частично. (0x12B)
[0202/233127.884:WARNING:pe_image_reader.cc(340)] could not read dos header from C:\Windows\SYSTEM32\CRYPTBASE.DLL
[0202/233127.884:ERROR:process_memory_win.cc(73)] ReadMemory at 0x7ffa338f0000 of 64 bytes failed: Запрос ReadProcessMemory или WriteProcessMemory был выполнен только частично. (0x12B)
[0202/233127.884:WARNING:pe_image_reader.cc(340)] could not read dos header from C:\Windows\SYSTEM32\mfplat.dll
[0202/233127.884:ERROR:process_memory_win.cc(73)] ReadMemory at 0x7ffa33840000 of 64 bytes failed: Запрос ReadProcessMemory или WriteProcessMemory был выполнен только частично. (0x12B)
[0202/233127.884:WARNING:pe_image_reader.cc(340)] could not read dos header from C:\Windows\SYSTEM32\RTWorkQ.DLL
[0202/233127.884:ERROR:process_memory_win.cc(73)] ReadMemory at 0x7ffa0ed40000 of 64 bytes failed: Запрос ReadProcessMemory или WriteProcessMemory был выполнен только частично. (0x12B)
[0202/233127.884:WARNING:pe_image_reader.cc(340)] could not read dos header from C:\Windows\SYSTEM32\msmpeg2vdec.dll
[0202/233127.885:ERROR:process_memory_win.cc(73)] ReadMemory at 0x7ffa39960000 of 64 bytes failed: Запрос ReadProcessMemory или WriteProcessMemory был выполнен только частично. (0x12B)
[0202/233127.885:WARNING:pe_image_reader.cc(340)] could not read dos header from C:\Windows\System32\cryptsp.dll
[0202/233127.885:ERROR:process_memory_win.cc(73)] ReadMemory at 0x7ffa0eab0000 of 64 bytes failed: Запрос ReadProcessMemory или WriteProcessMemory был выполнен только частично. (0x12B)
[0202/233127.885:WARNING:pe_image_reader.cc(340)] could not read dos header from C:\Windows\SYSTEM32\mfperfhelper.dll
[0202/233127.885:ERROR:process_memory_win.cc(73)] ReadMemory at 0x7ff9dee30000 of 64 bytes failed: Запрос ReadProcessMemory или WriteProcessMemory был выполнен только частично. (0x12B)
[0202/233127.885:WARNING:pe_image_reader.cc(340)] could not read dos header from C:\Windows\SYSTEM32\evr.dll
[0202/233127.885:ERROR:process_memory_win.cc(73)] ReadMemory at 0x7ffa39120000 of 64 bytes failed: Запрос ReadProcessMemory или WriteProcessMemory был выполнен только частично. (0x12B)
[0202/233127.885:WARNING:pe_image_reader.cc(340)] could not read dos header from C:\Windows\System32\powrprof.dll
[0202/233127.885:ERROR:process_memory_win.cc(73)] ReadMemory at 0x7ffa39110000 of 64 bytes failed: Запрос ReadProcessMemory или WriteProcessMemory был выполнен только частично. (0x12B)
[0202/233127.885:WARNING:pe_image_reader.cc(340)] could not read dos header from C:\Windows\System32\UMPDC.dll
[0202/233127.885:ERROR:process_memory_win.cc(73)] ReadMemory at 0x7ffa0e040000 of 64 bytes failed: Запрос ReadProcessMemory или WriteProcessMemory был выполнен только частично. (0x12B)
[0202/233127.885:WARNING:pe_image_reader.cc(340)] could not read dos header from C:\Windows\SYSTEM32\msauddecmft.dll
[0202/233127.898:ERROR:process_memory_win.cc(73)] ReadMemory at 0x7ff74a1e0000 of 64 bytes failed: Запрос ReadProcessMemory или WriteProcessMemory был выполнен только частично. (0x12B)
[0202/233127.898:WARNING:pe_image_reader.cc(340)] could not read dos header from C:\Program Files (x86)\AVAST Software\Browser\Application\AvastBrowser.exe
[0202/233127.898:ERROR:process_memory_win.cc(73)] ReadMemory at 0x7ffa3c260000 of 64 bytes failed: Запрос ReadProcessMemory или WriteProcessMemory был выполнен только частично. (0x12B)
[0202/233127.898:WARNING:pe_image_reader.cc(340)] could not read dos header from C:\Windows\SYSTEM32\ntdll.dll
[0202/233127.898:ERROR:process_memory_win.cc(73)] ReadMemory at 0x7ffa3a310000 of 64 bytes failed: Запрос ReadProcessMemory или WriteProcessMemory был выполнен только частично. (0x12B)
[0202/233127.898:WARNING:pe_image_reader.cc(340)] could not read dos header from C:\Windows\System32\KERNEL32.DLL
[0202/233127.898:ERROR:process_memory_win.cc(73)] ReadMemory at 0x7ffa39980000 of 64 bytes failed: Запрос ReadProcessMemory или WriteProcessMemory был выполнен только частично. (0x12B)
[0202/233127.898:WARNING:pe_image_reader.cc(340)] could not read dos header from C:\Windows\System32\KERNELBASE.dll
[0202/233127.898:ERROR:process_memory_win.cc(73)] ReadMemory at 0x7ff9d32b0000 of 64 bytes failed: Запрос ReadProcessMemory или WriteProcessMemory был выполнен только частично. (0x12B)
[0202/233127.898:WARNING:pe_image_reader.cc(340)] could not read dos header from C:\Program Files (x86)\AVAST Software\Browser\Application\87.0.7480.89\chrome_elf.dll
[0202/233127.898:ERROR:process_memory_win.cc(73)] ReadMemory at 0x7ffa32050000 of 64 bytes failed: Запрос ReadProcessMemory или WriteProcessMemory был выполнен только частично. (0x12B)
[0202/233127.898:WARNING:pe_image_reader.cc(340)] could not read dos header from C:\Windows\SYSTEM32\VERSION.dll
[0202/233127.899:ERROR:process_memory_win.cc(73)] ReadMemory at 0x7ffa3ac00000 of 64 bytes failed: Запрос ReadProcessMemory или WriteProcessMemory был выполнен только частично. (0x12B)
[0202/233127.899:WARNING:pe_image_reader.cc(340)] could not read dos header from C:\Windows\System32\msvcrt.dll
[0202/233127.899:ERROR:process_memory_win.cc(73)] ReadMemory at 0x7ffa39f10000 of 64 bytes failed: Запрос ReadProcessMemory или WriteProcessMemory был выполнен только частично. (0x12B)
[0202/233127.899:WARNING:pe_image_reader.cc(340)] could not read dos header from C:\Windows\System32\bcryptPrimitives.dll
[0202/233127.899:ERROR:process_memory_win.cc(73)] ReadMemory at 0x7ffa3a840000 of 64 bytes failed: Запрос ReadProcessMemory или WriteProcessMemory был выполнен только частично. (0x12B)
[0202/233127.899:WARNING:pe_image_reader.cc(340)] could not read dos header from C:\Windows\System32\ADVAPI32.dll
[0202/233127.899:ERROR:process_memory_win.cc(73)] ReadMemory at 0x7ffa3a460000 of 64 bytes failed: Запрос ReadProcessMemory или WriteProcessMemory был выполнен только частично. (0x12B)
[0202/233127.899:WARNING:pe_image_reader.cc(340)] could not read dos header from C:\Windows\System32\sechost.dll
[0202/233127.899:ERROR:process_memory_win.cc(73)] ReadMemory at 0x7ffa3add0000 of 64 bytes failed: Запрос ReadProcessMemory или WriteProcessMemory был выполнен только частично. (0x12B)
[0202/233127.899:WARNING:pe_image_reader.cc(340)] could not read dos header from C:\Windows\System32\RPCRT4.dll
[0202/233127.899:ERROR:process_memory_win.cc(73)] ReadMemory at 0x7ff9ac0b0000 of 64 bytes failed: Запрос ReadProcessMemory или WriteProcessMemory был выполнен только частично. (0x12B)
[0202/233127.899:WARNING:pe_image_reader.cc(340)] could not read dos header from C:\Program Files (x86)\AVAST Software\Browser\Application\87.0.7480.89\chrome.dll
[0202/233127.899:ERROR:process_memory_win.cc(73)] ReadMemory at 0x7ffa3afa0000 of 64 bytes failed: Запрос ReadProcessMemory или WriteProcessMemory был выполнен только частично. (0x12B)
[0202/233127.899:WARNING:pe_image_reader.cc(340)] could not read dos header from C:\Windows\System32\WS2_32.dll
[0202/233127.899:ERROR:process_memory_win.cc(73)] ReadMemory at 0x7ffa3ab30000 of 64 bytes failed: Запрос ReadProcessMemory или WriteProcessMemory был выполнен только частично. (0x12B)
[0202/233127.899:WARNING:pe_image_reader.cc(340)] could not read dos header from C:\Windows\System32\OLEAUT32.dll
[0202/233127.899:ERROR:process_memory_win.cc(73)] ReadMemory at 0x7ffa39ff0000 of 64 bytes failed: Запрос ReadProcessMemory или WriteProcessMemory был выполнен только частично. (0x12B)
[0202/233127.900:WARNING:pe_image_reader.cc(340)] could not read dos header from C:\Windows\System32\msvcp_win.dll
[0202/233127.900:ERROR:process_memory_win.cc(73)] ReadMemory at 0x7ffa3a090000 of 64 bytes failed: Запрос ReadProcessMemory или WriteProcessMemory был выполнен только частично. (0x12B)
[0202/233127.900:WARNING:pe_image_reader.cc(340)] could not read dos header from C:\Windows\System32\ucrtbase.dll
[0202/233127.900:ERROR:process_memory_win.cc(73)] ReadMemory at 0x7ffa3a500000 of 64 bytes failed: Запрос ReadProcessMemory или WriteProcessMemory был выполнен только частично. (0x12B)
[0202/233127.900:WARNING:pe_image_reader.cc(340)] could not read dos header from C:\Windows\System32\combase.dll
[0202/233127.900:ERROR:process_memory_win.cc(73)] ReadMemory at 0x7ffa39eb0000 of 64 bytes failed: Запрос ReadProcessMemory или WriteProcessMemory был выполнен только частично. (0x12B)
[0202/233127.900:WARNING:pe_image_reader.cc(340)] could not read dos header from C:\Windows\System32\WINTRUST.dll
[0202/233127.900:ERROR:process_memory_win.cc(73)] ReadMemory at 0x7ffa39190000 of 64 bytes failed: Запрос ReadProcessMemory или WriteProcessMemory был выполнен только частично. (0x12B)
[0202/233127.900:WARNING:pe_image_reader.cc(340)] could not read dos header from C:\Windows\System32\MSASN1.dll
[0202/233127.900:ERROR:process_memory_win.cc(73)] ReadMemory at 0x7ffa3a1c0000 of 64 bytes failed: Запрос ReadProcessMemory или WriteProcessMemory был выполнен только частично. (0x12B)
[0202/233127.900:WARNING:pe_image_reader.cc(340)] could not read dos header from C:\Windows\System32\CRYPT32.dll
[0202/233127.900:ERROR:process_memory_win.cc(73)] ReadMemory at 0x7ffa37ad0000 of 64 bytes failed: Запрос ReadProcessMemory или WriteProcessMemory был выполнен только частично. (0x12B)
[0202/233127.900:WARNING:pe_image_reader.cc(340)] could not read dos header from C:\Windows\SYSTEM32\dbghelp.dll
[0202/233127.900:ERROR:process_memory_win.cc(73)] ReadMemory at 0x7ffa38660000 of 64 bytes failed: Запрос ReadProcessMemory или WriteProcessMemory был выполнен только частично. (0x12B)
[0202/233127.900:WARNING:pe_image_reader.cc(340)] could not read dos header from C:\Windows\SYSTEM32\IPHLPAPI.DLL
[0202/233127.900:ERROR:process_memory_win.cc(73)] ReadMemory at 0x7ffa2f810000 of 64 bytes failed: Запрос ReadProcessMemory или WriteProcessMemory был выполнен только частично. (0x12B)
[0202/233127.900:WARNING:pe_image_reader.cc(340)] could not read dos header from C:\Windows\SYSTEM32\WINMM.dll
[0202/233127.901:ERROR:process_memory_win.cc(73)] ReadMemory at 0x7ffa01570000 of 64 bytes failed: Запрос ReadProcessMemory или WriteProcessMemory был выполнен только частично. (0x12B)
[0202/233127.901:WARNING:pe_image_reader.cc(340)] could not read dos header from C:\Windows\SYSTEM32\UIAutomationCore.DLL
[0202/233127.901:ERROR:process_memory_win.cc(73)] ReadMemory at 0x7ffa2e0f0000 of 64 bytes failed: Запрос ReadProcessMemory или WriteProcessMemory был выполнен только частично. (0x12B)
[0202/233127.901:WARNING:pe_image_reader.cc(340)] could not read dos header from C:\Windows\SYSTEM32\Secur32.dll
[0202/233127.901:ERROR:process_memory_win.cc(73)] ReadMemory at 0x7ffa38ff0000 of 64 bytes failed: Запрос ReadProcessMemory или WriteProcessMemory был выполнен только частично. (0x12B)
[0202/233127.901:WARNING:pe_image_reader.cc(340)] could not read dos header from C:\Windows\SYSTEM32\USERENV.dll
[0202/233127.901:ERROR:process_memory_win.cc(73)] ReadMemory at 0x7ffa391b0000 of 64 bytes failed: Запрос ReadProcessMemory или WriteProcessMemory был выполнен только частично. (0x12B)
[0202/233127.901:WARNING:pe_image_reader.cc(340)] could not read dos header from C:\Windows\System32\profapi.dll
[0202/233127.901:ERROR:process_memory_win.cc(73)] ReadMemory at 0x7ffa23670000 of 64 bytes failed: Запрос ReadProcessMemory или WriteProcessMemory был выполнен только частично. (0x12B)
[0202/233127.901:WARNING:pe_image_reader.cc(340)] could not read dos header from C:\Windows\SYSTEM32\DWrite.dll
[0202/233127.901:ERROR:process_memory_win.cc(73)] ReadMemory at 0x7ffa0d280000 of 64 bytes failed: Запрос ReadProcessMemory или WriteProcessMemory был выполнен только частично. (0x12B)
[0202/233127.901:WARNING:pe_image_reader.cc(340)] could not read dos header from C:\Windows\SYSTEM32\WINSPOOL.DRV
[0202/233127.901:ERROR:process_memory_win.cc(73)] ReadMemory at 0x7ffa39170000 of 64 bytes failed: Запрос ReadProcessMemory или WriteProcessMemory был выполнен только частично. (0x12B)
[0202/233127.901:WARNING:pe_image_reader.cc(340)] could not read dos header from C:\Windows\System32\kernel.appcore.dll
[0202/233127.902:ERROR:process_memory_win.cc(73)] ReadMemory at 0x7ffa3a190000 of 64 bytes failed: Запрос ReadProcessMemory или WriteProcessMemory был выполнен только частично. (0x12B)
[0202/233127.902:WARNING:pe_image_reader.cc(340)] could not read dos header from C:\Windows\System32\bcrypt.dll
[0202/233127.902:ERROR:process_memory_win.cc(73)] ReadMemory at 0x7ffa2de80000 of 64 bytes failed: Запрос ReadProcessMemory или WriteProcessMemory был выполнен только частично. (0x12B)
[0202/233127.902:WARNING:pe_image_reader.cc(340)] could not read dos header from C:\Windows\SYSTEM32\WINHTTP.dll
[0202/233127.902:ERROR:process_memory_win.cc(73)] ReadMemory at 0x7ffa379e0000 of 64 bytes failed: Запрос ReadProcessMemory или WriteProcessMemory был выполнен только частично. (0x12B)
[0202/233127.902:WARNING:pe_image_reader.cc(340)] could not read dos header from C:\Windows\SYSTEM32\dhcpcsvc.DLL
[0202/233127.902:ERROR:process_memory_win.cc(73)] ReadMemory at 0x7ffa3aa10000 of 64 bytes failed: Запрос ReadProcessMemory или WriteProcessMemory был выполнен только частично. (0x12B)
[0202/233127.902:WARNING:pe_image_reader.cc(340)] could not read dos header from C:\Windows\System32\NSI.dll
[0202/233127.902:ERROR:process_memory_win.cc(73)] ReadMemory at 0x7ffa2f5d0000 of 64 bytes failed: Запрос ReadProcessMemory или WriteProcessMemory был выполнен только частично. (0x12B)
[0202/233127.902:WARNING:pe_image_reader.cc(340)] could not read dos header from C:\Windows\SYSTEM32\WINMMBASE.dll
[0202/233127.902:ERROR:process_memory_win.cc(73)] ReadMemory at 0x7ffa39fa0000 of 64 bytes failed: Запрос ReadProcessMemory или WriteProcessMemory был выполнен только частично. (0x12B)
[0202/233127.902:WARNING:pe_image_reader.cc(340)] could not read dos header from C:\Windows\System32\cfgmgr32.dll
[0202/233127.902:ERROR:process_memory_win.cc(73)] ReadMemory at 0x7ffa35750000 of 64 bytes failed: Запрос ReadProcessMemory или WriteProcessMemory был выполнен только частично. (0x12B)
[0202/233127.903:WARNING:pe_image_reader.cc(340)] could not read dos header from C:\Windows\SYSTEM32\PROPSYS.dll
[0202/233127.903:ERROR:process_memory_win.cc(73)] ReadMemory at 0x7ffa3aa20000 of 64 bytes failed: Запрос ReadProcessMemory или WriteProcessMemory был выполнен только частично. (0x12B)
[0202/233127.903:WARNING:pe_image_reader.cc(340)] could not read dos header from C:\Windows\System32\shcore.dll
[0202/233127.903:ERROR:process_memory_win.cc(73)] ReadMemory at 0x7ffa39020000 of 64 bytes failed: Запрос ReadProcessMemory или WriteProcessMemory был выполнен только частично. (0x12B)
[0202/233127.903:WARNING:pe_image_reader.cc(340)] could not read dos header from C:\Windows\SYSTEM32\SSPICLI.DLL
[0202/233127.903:ERROR:process_memory_win.cc(73)] ReadMemory at 0x7ffa38b20000 of 64 bytes failed: Запрос ReadProcessMemory или WriteProcessMemory был выполнен только частично. (0x12B)
[0202/233127.903:WARNING:pe_image_reader.cc(340)] could not read dos header from C:\Windows\SYSTEM32\CRYPTBASE.DLL
[0202/233127.903:ERROR:process_memory_win.cc(73)] ReadMemory at 0x7ffa338f0000 of 64 bytes failed: Запрос ReadProcessMemory или WriteProcessMemory был выполнен только частично. (0x12B)
[0202/233127.903:WARNING:pe_image_reader.cc(340)] could not read dos header from C:\Windows\SYSTEM32\mfplat.dll
[0202/233127.904:ERROR:process_memory_win.cc(73)] ReadMemory at 0x7ffa33840000 of 64 bytes failed: Запрос ReadProcessMemory или WriteProcessMemory был выполнен только частично. (0x12B)
[0202/233127.904:WARNING:pe_image_reader.cc(340)] could not read dos header from C:\Windows\SYSTEM32\RTWorkQ.DLL
[0202/233127.904:ERROR:process_memory_win.cc(73)] ReadMemory at 0x7ffa0ed40000 of 64 bytes failed: Запрос ReadProcessMemory или WriteProcessMemory был выполнен только частично. (0x12B)
[0202/233127.904:WARNING:pe_image_reader.cc(340)] could not read dos header from C:\Windows\SYSTEM32\msmpeg2vdec.dll
[0202/233127.904:ERROR:process_memory_win.cc(73)] ReadMemory at 0x7ffa39960000 of 64 bytes failed: Запрос ReadProcessMemory или WriteProcessMemory был выполнен только частично. (0x12B)
[0202/233127.904:WARNING:pe_image_reader.cc(340)] could not read dos header from C:\Windows\System32\cryptsp.dll
[0202/233127.904:ERROR:process_memory_win.cc(73)] ReadMemory at 0x7ffa0eab0000 of 64 bytes failed: Запрос ReadProcessMemory или WriteProcessMemory был выполнен только частично. (0x12B)
[0202/233127.904:WARNING:pe_image_reader.cc(340)] could not read dos header from C:\Windows\SYSTEM32\mfperfhelper.dll
[0202/233127.905:ERROR:process_memory_win.cc(73)] ReadMemory at 0x7ff9dee30000 of 64 bytes failed: Запрос ReadProcessMemory или WriteProcessMemory был выполнен только частично. (0x12B)
[0202/233127.905:WARNING:pe_image_reader.cc(340)] could not read dos header from C:\Windows\SYSTEM32\evr.dll
[0202/233127.905:ERROR:process_memory_win.cc(73)] ReadMemory at 0x7ffa39120000 of 64 bytes failed: Запрос ReadProcessMemory или WriteProcessMemory был выполнен только частично. (0x12B)
[0202/233127.905:WARNING:pe_image_reader.cc(340)] could not read dos header from C:\Windows\System32\powrprof.dll
[0202/233127.905:ERROR:process_memory_win.cc(73)] ReadMemory at 0x7ffa39110000 of 64 bytes failed: Запрос ReadProcessMemory или WriteProcessMemory был выполнен только частично. (0x12B)
[0202/233127.905:WARNING:pe_image_reader.cc(340)] could not read dos header from C:\Windows\System32\UMPDC.dll
[0202/233127.905:ERROR:process_memory_win.cc(73)] ReadMemory at 0x7ffa0e040000 of 64 bytes failed: Запрос ReadProcessMemory или WriteProcessMemory был выполнен только частично. (0x12B)
[0202/233127.905:WARNING:pe_image_reader.cc(340)] could not read dos header from C:\Windows\SYSTEM32\msauddecmft.dll
[0202/233127.905:ERROR:process_memory_win.cc(73)] ReadMemory at 0x7ff74a1e0000 of 64 bytes failed: Запрос ReadProcessMemory или WriteProcessMemory был выполнен только частично. (0x12B)
[0202/233127.905:WARNING:pe_image_reader.cc(340)] could not read dos header from C:\Program Files (x86)\AVAST Software\Browser\Application\AvastBrowser.exe
[0202/233127.905:ERROR:process_memory_win.cc(73)] ReadMemory at 0x7ffa3c260000 of 64 bytes failed: Запрос ReadProcessMemory или WriteProcessMemory был выполнен только частично. (0x12B)
[0202/233127.905:WARNING:pe_image_reader.cc(340)] could not read dos header from C:\Windows\SYSTEM32\ntdll.dll
[0202/233127.906:ERROR:process_memory_win.cc(73)] ReadMemory at 0x7ffa3a310000 of 64 bytes failed: Запрос ReadProcessMemory или WriteProcessMemory был выполнен только частично. (0x12B)
[0202/233127.906:WARNING:pe_image_reader.cc(340)] could not read dos header from C:\Windows\System32\KERNEL32.DLL
[0202/233127.906:ERROR:process_memory_win.cc(73)] ReadMemory at 0x7ffa39980000 of 64 bytes failed: Запрос ReadProcessMemory или WriteProcessMemory был выполнен только частично. (0x12B)
[0202/233127.906:WARNING:pe_image_reader.cc(340)] could not read dos header from C:\Windows\System32\KERNELBASE.dll
[0202/233127.906:ERROR:process_memory_win.cc(73)] ReadMemory at 0x7ff9d32b0000 of 64 bytes failed: Запрос ReadProcessMemory или WriteProcessMemory был выполнен только частично. (0x12B)
[0202/233127.906:WARNING:pe_image_reader.cc(340)] could not read dos header from C:\Program Files (x86)\AVAST Software\Browser\Application\87.0.7480.89\chrome_elf.dll
[0202/233127.906:ERROR:process_memory_win.cc(73)] ReadMemory at 0x7ffa32050000 of 64 bytes failed: Запрос ReadProcessMemory или WriteProcessMemory был выполнен только частично. (0x12B)
[0202/233127.906:WARNING:pe_image_reader.cc(340)] could not read dos header from C:\Windows\SYSTEM32\VERSION.dll
[0202/233127.906:ERROR:process_memory_win.cc(73)] ReadMemory at 0x7ffa3ac00000 of 64 bytes failed: Запрос ReadProcessMemory или WriteProcessMemory был выполнен только частично. (0x12B)
[0202/233127.906:WARNING:pe_image_reader.cc(340)] could not read dos header from C:\Windows\System32\msvcrt.dll
[0202/233127.906:ERROR:process_memory_win.cc(73)] ReadMemory at 0x7ffa39f10000 of 64 bytes failed: Запрос ReadProcessMemory или WriteProcessMemory был выполнен только частично. (0x12B)
[0202/233127.907:WARNING:pe_image_reader.cc(340)] could not read dos header from C:\Windows\System32\bcryptPrimitives.dll
[0202/233127.907:ERROR:process_memory_win.cc(73)] ReadMemory at 0x7ffa3a840000 of 64 bytes failed: Запрос ReadProcessMemory или WriteProcessMemory был выполнен только частично. (0x12B)
[0202/233127.907:WARNING:pe_image_reader.cc(340)] could not read dos header from C:\Windows\System32\ADVAPI32.dll
[0202/233127.907:ERROR:process_memory_win.cc(73)] ReadMemory at 0x7ffa3a460000 of 64 bytes failed: Запрос ReadProcessMemory или WriteProcessMemory был выполнен только частично. (0x12B)
[0202/233127.907:WARNING:pe_image_reader.cc(340)] could not read dos header from C:\Windows\System32\sechost.dll
[0202/233127.907:ERROR:process_memory_win.cc(73)] ReadMemory at 0x7ffa3add0000 of 64 bytes failed: Запрос ReadProcessMemory или WriteProcessMemory был выполнен только частично. (0x12B)
[0202/233127.907:WARNING:pe_image_reader.cc(340)] could not read dos header from C:\Windows\System32\RPCRT4.dll
[0202/233127.907:ERROR:process_memory_win.cc(73)] ReadMemory at 0x7ff9ac0b0000 of 64 bytes failed: Запрос ReadProcessMemory или WriteProcessMemory был выполнен только частично. (0x12B)
[0202/233127.907:WARNING:pe_image_reader.cc(340)] could not read dos header from C:\Program Files (x86)\AVAST Software\Browser\Application\87.0.7480.89\chrome.dll
[0202/233127.907:ERROR:process_memory_win.cc(73)] ReadMemory at 0x7ffa3afa0000 of 64 bytes failed: Запрос ReadProcessMemory или WriteProcessMemory был выполнен только частично. (0x12B)
[0202/233127.907:WARNING:pe_image_reader.cc(340)] could not read dos header from C:\Windows\System32\WS2_32.dll
[0202/233127.908:ERROR:process_memory_win.cc(73)] ReadMemory at 0x7ffa3ab30000 of 64 bytes failed: Запрос ReadProcessMemory или WriteProcessMemory был выполнен только частично. (0x12B)
[0202/233127.908:WARNING:pe_image_reader.cc(340)] could not read dos header from C:\Windows\System32\OLEAUT32.dll
[0202/233127.908:ERROR:process_memory_win.cc(73)] ReadMemory at 0x7ffa39ff0000 of 64 bytes failed: Запрос ReadProcessMemory или WriteProcessMemory был выполнен только частично. (0x12B)
[0202/233127.908:WARNING:pe_image_reader.cc(340)] could not read dos header from C:\Windows\System32\msvcp_win.dll
[0202/233127.908:ERROR:process_memory_win.cc(73)] ReadMemory at 0x7ffa3a090000 of 64 bytes failed: Запрос ReadProcessMemory или WriteProcessMemory был выполнен только частично. (0x12B)
[0202/233127.908:WARNING:pe_image_reader.cc(340)] could not read dos header from C:\Windows\System32\ucrtbase.dll
[0202/233127.908:ERROR:process_memory_win.cc(73)] ReadMemory at 0x7ffa3a500000 of 64 bytes failed: Запрос ReadProcessMemory или WriteProcessMemory был выполнен только частично. (0x12B)
[0202/233127.908:WARNING:pe_image_reader.cc(340)] could not read dos header from C:\Windows\System32\combase.dll
[0202/233127.908:ERROR:process_memory_win.cc(73)] ReadMemory at 0x7ffa39eb0000 of 64 bytes failed: Запрос ReadProcessMemory или WriteProcessMemory был выполнен только частично. (0x12B)
[0202/233127.908:WARNING:pe_image_reader.cc(340)] could not read dos header from C:\Windows\System32\WINTRUST.dll
[0202/233127.908:ERROR:process_memory_win.cc(73)] ReadMemory at 0x7ffa39190000 of 64 bytes failed: Запрос ReadProcessMemory или WriteProcessMemory был выполнен только частично. (0x12B)
[0202/233127.909:WARNING:pe_image_reader.cc(340)] could not read dos header from C:\Windows\System32\MSASN1.dll
[0202/233127.909:ERROR:process_memory_win.cc(73)] ReadMemory at 0x7ffa3a1c0000 of 64 bytes failed: Запрос ReadProcessMemory или WriteProcessMemory был выполнен только частично. (0x12B)
[0202/233127.909:WARNING:pe_image_reader.cc(340)] could not read dos header from C:\Windows\System32\CRYPT32.dll
[0202/233127.909:ERROR:process_memory_win.cc(73)] ReadMemory at 0x7ffa37ad0000 of 64 bytes failed: Запрос ReadProcessMemory или WriteProcessMemory был выполнен только частично. (0x12B)
[0202/233127.909:WARNING:pe_image_reader.cc(340)] could not read dos header from C:\Windows\SYSTEM32\dbghelp.dll
[0202/233127.909:ERROR:process_memory_win.cc(73)] ReadMemory at 0x7ffa38660000 of 64 bytes failed: Запрос ReadProcessMemory или WriteProcessMemory был выполнен только частично. (0x12B)
[0202/233127.909:WARNING:pe_image_reader.cc(340)] could not read dos header from C:\Windows\SYSTEM32\IPHLPAPI.DLL
[0202/233127.909:ERROR:process_memory_win.cc(73)] ReadMemory at 0x7ffa2f810000 of 64 bytes failed: Запрос ReadProcessMemory или WriteProcessMemory был выполнен только частично. (0x12B)
[0202/233127.909:WARNING:pe_image_reader.cc(340)] could not read dos header from C:\Windows\SYSTEM32\WINMM.dll
[0202/233127.909:ERROR:process_memory_win.cc(73)] ReadMemory at 0x7ffa01570000 of 64 bytes failed: Запрос ReadProcessMemory или WriteProcessMemory был выполнен только частично. (0x12B)
[0202/233127.909:WARNING:pe_image_reader.cc(340)] could not read dos header from C:\Windows\SYSTEM32\UIAutomationCore.DLL
[0202/233127.910:ERROR:process_memory_win.cc(73)] ReadMemory at 0x7ffa2e0f0000 of 64 bytes failed: Запрос ReadProcessMemory или WriteProcessMemory был выполнен только частично. (0x12B)
[0202/233127.910:WARNING:pe_image_reader.cc(340)] could not read dos header from C:\Windows\SYSTEM32\Secur32.dll
[0202/233127.910:ERROR:process_memory_win.cc(73)] ReadMemory at 0x7ffa38ff0000 of 64 bytes failed: Запрос ReadProcessMemory или WriteProcessMemory был выполнен только частично. (0x12B)
[0202/233127.910:WARNING:pe_image_reader.cc(340)] could not read dos header from C:\Windows\SYSTEM32\USERENV.dll
[0202/233127.910:ERROR:process_memory_win.cc(73)] ReadMemory at 0x7ffa391b0000 of 64 bytes failed: Запрос ReadProcessMemory или WriteProcessMemory был выполнен только частично. (0x12B)
[0202/233127.910:WARNING:pe_image_reader.cc(340)] could not read dos header from C:\Windows\System32\profapi.dll
[0202/233127.910:ERROR:process_memory_win.cc(73)] ReadMemory at 0x7ffa23670000 of 64 bytes failed: Запрос ReadProcessMemory или WriteProcessMemory был выполнен только частично. (0x12B)
[0202/233127.910:WARNING:pe_image_reader.cc(340)] could not read dos header from C:\Windows\SYSTEM32\DWrite.dll
[0202/233127.910:ERROR:process_memory_win.cc(73)] ReadMemory at 0x7ffa0d280000 of 64 bytes failed: Запрос ReadProcessMemory или WriteProcessMemory был выполнен только частично. (0x12B)
[0202/233127.910:WARNING:pe_image_reader.cc(340)] could not read dos header from C:\Windows\SYSTEM32\WINSPOOL.DRV
[0202/233127.910:ERROR:process_memory_win.cc(73)] ReadMemory at 0x7ffa39170000 of 64 bytes failed: Запрос ReadProcessMemory или WriteProcessMemory был выполнен только частично. (0x12B)
[0202/233127.910:WARNING:pe_image_reader.cc(340)] could not read dos header from C:\Windows\System32\kernel.appcore.dll
[0202/233127.911:ERROR:process_memory_win.cc(73)] ReadMemory at 0x7ffa3a190000 of 64 bytes failed: Запрос ReadProcessMemory или WriteProcessMemory был выполнен только частично. (0x12B)
[0202/233127.911:WARNING:pe_image_reader.cc(340)] could not read dos header from C:\Windows\System32\bcrypt.dll
[0202/233127.911:ERROR:process_memory_win.cc(73)] ReadMemory at 0x7ffa2de80000 of 64 bytes failed: Запрос ReadProcessMemory или WriteProcessMemory был выполнен только частично. (0x12B)
[0202/233127.911:WARNING:pe_image_reader.cc(340)] could not read dos header from C:\Windows\SYSTEM32\WINHTTP.dll
[0202/233127.911:ERROR:process_memory_win.cc(73)] ReadMemory at 0x7ffa379e0000 of 64 bytes failed: Запрос ReadProcessMemory или WriteProcessMemory был выполнен только частично. (0x12B)
[0202/233127.911:WARNING:pe_image_reader.cc(340)] could not read dos header from C:\Windows\SYSTEM32\dhcpcsvc.DLL
[0202/233127.911:ERROR:process_memory_win.cc(73)] ReadMemory at 0x7ffa3aa10000 of 64 bytes failed: Запрос ReadProcessMemory или WriteProcessMemory был выполнен только частично. (0x12B)
[0202/233127.911:WARNING:pe_image_reader.cc(340)] could not read dos header from C:\Windows\System32\NSI.dll
[0202/233127.911:ERROR:process_memory_win.cc(73)] ReadMemory at 0x7ffa2f5d0000 of 64 bytes failed: Запрос ReadProcessMemory или WriteProcessMemory был выполнен только частично. (0x12B)
[0202/233127.911:WARNING:pe_image_reader.cc(340)] could not read dos header from C:\Windows\SYSTEM32\WINMMBASE.dll
[0202/233127.911:ERROR:process_memory_win.cc(73)] ReadMemory at 0x7ffa39fa0000 of 64 bytes failed: Запрос ReadProcessMemory или WriteProcessMemory был выполнен только частично. (0x12B)
[0202/233127.912:WARNING:pe_image_reader.cc(340)] could not read dos header from C:\Windows\System32\cfgmgr32.dll
[0202/233127.912:ERROR:process_memory_win.cc(73)] ReadMemory at 0x7ffa35750000 of 64 bytes failed: Запрос ReadProcessMemory или WriteProcessMemory был выполнен только частично. (0x12B)
[0202/233127.912:WARNING:pe_image_reader.cc(340)] could not read dos header from C:\Windows\SYSTEM32\PROPSYS.dll
[0202/233127.912:ERROR:process_memory_win.cc(73)] ReadMemory at 0x7ffa3aa20000 of 64 bytes failed: Запрос ReadProcessMemory или WriteProcessMemory был выполнен только частично. (0x12B)
[0202/233127.912:WARNING:pe_image_reader.cc(340)] could not read dos header from C:\Windows\System32\shcore.dll
[0202/233127.912:ERROR:process_memory_win.cc(73)] ReadMemory at 0x7ffa39020000 of 64 bytes failed: Запрос ReadProcessMemory или WriteProcessMemory был выполнен только частично. (0x12B)
[0202/233127.912:WARNING:pe_image_reader.cc(340)] could not read dos header from C:\Windows\SYSTEM32\SSPICLI.DLL
[0202/233127.912:ERROR:process_memory_win.cc(73)] ReadMemory at 0x7ffa38b20000 of 64 bytes failed: Запрос ReadProcessMemory или WriteProcessMemory был выполнен только частично. (0x12B)
[0202/233127.912:WARNING:pe_image_reader.cc(340)] could not read dos header from C:\Windows\SYSTEM32\CRYPTBASE.DLL
[0202/233127.912:ERROR:process_memory_win.cc(73)] ReadMemory at 0x7ffa338f0000 of 64 bytes failed: Запрос ReadProcessMemory или WriteProcessMemory был выполнен только частично. (0x12B)
[0202/233127.912:WARNING:pe_image_reader.cc(340)] could not read dos header from C:\Windows\SYSTEM32\mfplat.dll
[0202/233127.913:ERROR:process_memory_win.cc(73)] ReadMemory at 0x7ffa33840000 of 64 bytes failed: Запрос ReadProcessMemory или WriteProcessMemory был выполнен только частично. (0x12B)
[0202/233127.913:WARNING:pe_image_reader.cc(340)] could not read dos header from C:\Windows\SYSTEM32\RTWorkQ.DLL
[0202/233127.913:ERROR:process_memory_win.cc(73)] ReadMemory at 0x7ffa0ed40000 of 64 bytes failed: Запрос ReadProcessMemory или WriteProcessMemory был выполнен только частично. (0x12B)
[0202/233127.913:WARNING:pe_image_reader.cc(340)] could not read dos header from C:\Windows\SYSTEM32\msmpeg2vdec.dll
[0202/233127.913:ERROR:process_memory_win.cc(73)] ReadMemory at 0x7ffa39960000 of 64 bytes failed: Запрос ReadProcessMemory или WriteProcessMemory был выполнен только частично. (0x12B)
[0202/233127.913:WARNING:pe_image_reader.cc(340)] could not read dos header from C:\Windows\System32\cryptsp.dll
[0202/233127.913:ERROR:process_memory_win.cc(73)] ReadMemory at 0x7ffa0eab0000 of 64 bytes failed: Запрос ReadProcessMemory или WriteProcessMemory был выполнен только частично. (0x12B)
[0202/233127.913:WARNING:pe_image_reader.cc(340)] could not read dos header from C:\Windows\SYSTEM32\mfperfhelper.dll
[0202/233127.913:ERROR:process_memory_win.cc(73)] ReadMemory at 0x7ff9dee30000 of 64 bytes failed: Запрос ReadProcessMemory или WriteProcessMemory был выполнен только частично. (0x12B)
[0202/233127.913:WARNING:pe_image_reader.cc(340)] could not read dos header from C:\Windows\SYSTEM32\evr.dll
[0202/233127.913:ERROR:process_memory_win.cc(73)] ReadMemory at 0x7ffa39120000 of 64 bytes failed: Запрос ReadProcessMemory или WriteProcessMemory был выполнен только частично. (0x12B)
[0202/233127.914:WARNING:pe_image_reader.cc(340)] could not read dos header from C:\Windows\System32\powrprof.dll
[0202/233127.914:ERROR:process_memory_win.cc(73)] ReadMemory at 0x7ffa39110000 of 64 bytes failed: Запрос ReadProcessMemory или WriteProcessMemory был выполнен только частично. (0x12B)
[0202/233127.914:WARNING:pe_image_reader.cc(340)] could not read dos header from C:\Windows\System32\UMPDC.dll
[0202/233127.914:ERROR:process_memory_win.cc(73)] ReadMemory at 0x7ffa0e040000 of 64 bytes failed: Запрос ReadProcessMemory или WriteProcessMemory был выполнен только частично. (0x12B)
[0202/233127.914:WARNING:pe_image_reader.cc(340)] could not read dos header from C:\Windows\SYSTEM32\msauddecmft.dll
[0202/233127.937:ERROR:process_memory_win.cc(73)] ReadMemory at 0x17e09f8000 of 32768 bytes failed: Запрос ReadProcessMemory или WriteProcessMemory был выполнен только частично. (0x12B)
[0202/233127.938:ERROR:process_memory_win.cc(73)] ReadMemory at 0x17e11fe000 of 8192 bytes failed: Запрос ReadProcessMemory или WriteProcessMemory был выполнен только частично. (0x12B)
[0202/233127.938:ERROR:process_memory_win.cc(73)] ReadMemory at 0x17e19fe000 of 8192 bytes failed: Запрос ReadProcessMemory или WriteProcessMemory был выполнен только частично. (0x12B)
[0202/233127.938:ERROR:process_memory_win.cc(73)] ReadMemory at 0x17e21fe000 of 8192 bytes failed: Запрос ReadProcessMemory или WriteProcessMemory был выполнен только частично. (0x12B)
[0202/233127.938:ERROR:process_memory_win.cc(73)] ReadMemory at 0x17e29fd000 of 12288 bytes failed: Запрос ReadProcessMemory или WriteProcessMemory был выполнен только частично. (0x12B)
[0202/233127.939:ERROR:process_memory_win.cc(73)] ReadMemory at 0x17e31fe000 of 8192 bytes failed: Запрос ReadProcessMemory или WriteProcessMemory был выполнен только частично. (0x12B)
[0202/233127.939:ERROR:process_memory_win.cc(73)] ReadMemory at 0x17e39fe000 of 8192 bytes failed: Запрос ReadProcessMemory или WriteProcessMemory был выполнен только частично. (0x12B)
[0202/233127.939:ERROR:process_memory_win.cc(73)] ReadMemory at 0x17e41fe000 of 8192 bytes failed: Запрос ReadProcessMemory или WriteProcessMemory был выполнен только частично. (0x12B)
[0202/233127.939:ERROR:process_memory_win.cc(73)] ReadMemory at 0x17e49fd000 of 12288 bytes failed: Запрос ReadProcessMemory или WriteProcessMemory был выполнен только частично. (0x12B)
[0202/233127.939:ERROR:process_memory_win.cc(73)] ReadMemory at 0x17e51fe000 of 8192 bytes failed: Запрос ReadProcessMemory или WriteProcessMemory был выполнен только частично. (0x12B)
[0202/233127.940:ERROR:process_memory_win.cc(73)] ReadMemory at 0x17e59fe000 of 8192 bytes failed: Запрос ReadProcessMemory или WriteProcessMemory был выполнен только частично. (0x12B)
[0202/233127.940:ERROR:process_memory_win.cc(73)] ReadMemory at 0x17e61fe000 of 8192 bytes failed: Запрос ReadProcessMemory или WriteProcessMemory был выполнен только частично. (0x12B)
[0202/233127.940:ERROR:process_memory_win.cc(73)] ReadMemory at 0x17e69fe000 of 8192 bytes failed: Запрос ReadProcessMemory или WriteProcessMemory был выполнен только частично. (0x12B)
[0202/233127.941:ERROR:process_memory_win.cc(73)] ReadMemory at 0x17e71fe000 of 8192 bytes failed: Запрос ReadProcessMemory или WriteProcessMemory был выполнен только частично. (0x12B)
[0202/233127.941:ERROR:process_memory_win.cc(73)] ReadMemory at 0x17e79fe000 of 8192 bytes failed: Запрос ReadProcessMemory или WriteProcessMemory был выполнен только частично. (0x12B)
[0202/233127.941:ERROR:process_memory_win.cc(73)] ReadMemory at 0x17e81fe000 of 8192 bytes failed: Запрос ReadProcessMemory или WriteProcessMemory был выполнен только частично. (0x12B)
[0202/233127.941:ERROR:process_memory_win.cc(73)] ReadMemory at 0x17e89fe000 of 8192 bytes failed: Запрос ReadProcessMemory или WriteProcessMemory был выполнен только частично. (0x12B)
[0202/233127.941:ERROR:process_memory_win.cc(73)] ReadMemory at 0x17e012e000 of 852 bytes failed: Запрос ReadProcessMemory или WriteProcessMemory был выполнен только частично. (0x12B)
[0202/233127.941:ERROR:process_memory_win.cc(73)] ReadMemory at 0x17e012f000 of 6024 bytes failed: Запрос ReadProcessMemory или WriteProcessMemory был выполнен только частично. (0x12B)
[0202/233127.941:ERROR:process_memory_win.cc(73)] ReadMemory at 0x17e0131000 of 6024 bytes failed: Запрос ReadProcessMemory или WriteProcessMemory был выполнен только частично. (0x12B)
[0202/233127.942:ERROR:process_memory_win.cc(73)] ReadMemory at 0x17e0133000 of 6024 bytes failed: Запрос ReadProcessMemory или WriteProcessMemory был выполнен только частично. (0x12B)
[0202/233127.942:ERROR:process_memory_win.cc(73)] ReadMemory at 0x17e0135000 of 6024 bytes failed: Запрос ReadProcessMemory или WriteProcessMemory был выполнен только частично. (0x12B)
[0202/233127.942:ERROR:process_memory_win.cc(73)] ReadMemory at 0x17e0137000 of 6024 bytes failed: Запрос ReadProcessMemory или WriteProcessMemory был выполнен только частично. (0x12B)
[0202/233127.942:ERROR:process_memory_win.cc(73)] ReadMemory at 0x17e0139000 of 6024 bytes failed: Запрос ReadProcessMemory или WriteProcessMemory был выполнен только частично. (0x12B)
[0202/233127.942:ERROR:process_memory_win.cc(73)] ReadMemory at 0x17e013b000 of 6024 bytes failed: Запрос ReadProcessMemory или WriteProcessMemory был выполнен только частично. (0x12B)
[0202/233127.942:ERROR:process_memory_win.cc(73)] ReadMemory at 0x17e013d000 of 6024 bytes failed: Запрос ReadProcessMemory или WriteProcessMemory был выполнен только частично. (0x12B)
[0202/233127.942:ERROR:process_memory_win.cc(73)] ReadMemory at 0x17e013f000 of 6024 bytes failed: Запрос ReadProcessMemory или WriteProcessMemory был выполнен только частично. (0x12B)
[0202/233127.943:ERROR:process_memory_win.cc(73)] ReadMemory at 0x17e0141000 of 6024 bytes failed: Запрос ReadProcessMemory или WriteProcessMemory был выполнен только частично. (0x12B)
[0202/233127.943:ERROR:process_memory_win.cc(73)] ReadMemory at 0x17e0143000 of 6024 bytes failed: Запрос ReadProcessMemory или WriteProcessMemory был выполнен только частично. (0x12B)
[0202/233127.943:ERROR:process_memory_win.cc(73)] ReadMemory at 0x17e0145000 of 6024 bytes failed: Запрос ReadProcessMemory или WriteProcessMemory был выполнен только частично. (0x12B)
[0202/233127.943:ERROR:process_memory_win.cc(73)] ReadMemory at 0x17e0147000 of 6024 bytes failed: Запрос ReadProcessMemory или WriteProcessMemory был выполнен только частично. (0x12B)
[0202/233127.943:ERROR:process_memory_win.cc(73)] ReadMemory at 0x17e0149000 of 6024 bytes failed: Запрос ReadProcessMemory или WriteProcessMemory был выполнен только частично. (0x12B)
[0202/233127.943:ERROR:process_memory_win.cc(73)] ReadMemory at 0x17e014b000 of 6024 bytes failed: Запрос ReadProcessMemory или WriteProcessMemory был выполнен только частично. (0x12B)
[0202/233127.944:ERROR:process_memory_win.cc(73)] ReadMemory at 0x17e014d000 of 6024 bytes failed: Запрос ReadProcessMemory или WriteProcessMemory был выполнен только частично. (0x12B)
[0202/233127.944:ERROR:process_memory_win.cc(73)] ReadMemory at 0x17e014f000 of 6024 bytes failed: Запрос ReadProcessMemory или WriteProcessMemory был выполнен только частично. (0x12B)
[0202/233127.944:ERROR:process_memory_win.cc(73)] ReadMemory at 0x1c752a60fe0 of 16570 bytes failed: Запрос ReadProcessMemory или WriteProcessMemory был выполнен только частично. (0x12B)
[0202/233127.944:ERROR:process_memory_win.cc(73)] ReadMemory at 0x1c752a650b0 of 1012 bytes failed: Запрос ReadProcessMemory или WriteProcessMemory был выполнен только частично. (0x12B)
[0202/233127.945:ERROR:process_memory_win.cc(73)] ReadMemory at 0x1c752a656f8 of 148 bytes failed: Запрос ReadProcessMemory или WriteProcessMemory был выполнен только частично. (0x12B)
[0202/233127.945:ERROR:process_memory_win.cc(73)] ReadMemory at 0x1c752a6578e of 746 bytes failed: Запрос ReadProcessMemory или WriteProcessMemory был выполнен только частично. (0x12B)
[0202/233127.945:ERROR:process_memory_win.cc(73)] ReadMemory at 0x1c752a65a7a of 148 bytes failed: Запрос ReadProcessMemory или WriteProcessMemory был выполнен только частично. (0x12B)
[0202/233127.945:ERROR:process_memory_win.cc(73)] ReadMemory at 0x1c752a65b10 of 96 bytes failed: Запрос ReadProcessMemory или WriteProcessMemory был выполнен только частично. (0x12B)
[0202/233127.945:ERROR:process_memory_win.cc(73)] ReadMemory at 0x1c752a65b80 of 58 bytes failed: Запрос ReadProcessMemory или WriteProcessMemory был выполнен только частично. (0x12B)
[0202/233127.946:ERROR:process_memory_win.cc(73)] ReadMemory at 0x1c752a65c80 of 132 bytes failed: Запрос ReadProcessMemory или WriteProcessMemory был выполнен только частично. (0x12B)
[0202/233127.946:ERROR:process_memory_win.cc(73)] ReadMemory at 0x1c752a65e10 of 132 bytes failed: Запрос ReadProcessMemory или WriteProcessMemory был выполнен только частично. (0x12B)
[0202/233127.946:ERROR:process_memory_win.cc(73)] ReadMemory at 0x1c752a65fd0 of 142 bytes failed: Запрос ReadProcessMemory или WriteProcessMemory был выполнен только частично. (0x12B)
[0202/233127.946:ERROR:process_memory_win.cc(73)] ReadMemory at 0x1c752a664d0 of 132 bytes failed: Запрос ReadProcessMemory или WriteProcessMemory был выполнен только частично. (0x12B)
[0202/233127.946:ERROR:process_memory_win.cc(73)] ReadMemory at 0x1c752a66660 of 64 bytes failed: Запрос ReadProcessMemory или WriteProcessMemory был выполнен только частично. (0x12B)
[0202/233127.947:ERROR:process_memory_win.cc(73)] ReadMemory at 0x1c752a66830 of 132 bytes failed: Запрос ReadProcessMemory или WriteProcessMemory был выполнен только частично. (0x12B)
[0202/233127.947:ERROR:process_memory_win.cc(73)] ReadMemory at 0x1c752a66ac0 of 132 bytes failed: Запрос ReadProcessMemory или WriteProcessMemory был выполнен только частично. (0x12B)
[0202/233127.947:ERROR:process_memory_win.cc(73)] ReadMemory at 0x1c752a66c50 of 68 bytes failed: Запрос ReadProcessMemory или WriteProcessMemory был выполнен только частично. (0x12B)
[0202/233127.947:ERROR:process_memory_win.cc(73)] ReadMemory at 0x1c752a67d10 of 132 bytes failed: Запрос ReadProcessMemory или WriteProcessMemory был выполнен только частично. (0x12B)
[0202/233127.947:ERROR:process_memory_win.cc(73)] ReadMemory at 0x1c752a67ea0 of 170 bytes failed: Запрос ReadProcessMemory или WriteProcessMemory был выполнен только частично. (0x12B)
[0202/233127.948:ERROR:process_memory_win.cc(73)] ReadMemory at 0x1c752a68bd0 of 62 bytes failed: Запрос ReadProcessMemory или WriteProcessMemory был выполнен только частично. (0x12B)
[0202/233127.948:ERROR:process_memory_win.cc(73)] ReadMemory at 0x1c752a68d30 of 132 bytes failed: Запрос ReadProcessMemory или WriteProcessMemory был выполнен только частично. (0x12B)
[0202/233127.948:ERROR:process_memory_win.cc(73)] ReadMemory at 0x1c752a693f0 of 60 bytes failed: Запрос ReadProcessMemory или WriteProcessMemory был выполнен только частично. (0x12B)
[0202/233127.948:ERROR:process_memory_win.cc(73)] ReadMemory at 0x1c752a758ac of 512 bytes failed: Запрос ReadProcessMemory или WriteProcessMemory был выполнен только частично. (0x12B)
[0202/233127.948:ERROR:process_memory_win.cc(73)] ReadMemory at 0x1c752a7b0c0 of 132 bytes failed: Запрос ReadProcessMemory или WriteProcessMemory был выполнен только частично. (0x12B)
[0202/233127.949:ERROR:process_memory_win.cc(73)] ReadMemory at 0x1c752a7c0d0 of 80 bytes failed: Запрос ReadProcessMemory или WriteProcessMemory был выполнен только частично. (0x12B)
[0202/233127.949:ERROR:process_memory_win.cc(73)] ReadMemory at 0x1c752a7c880 of 162 bytes failed: Запрос ReadProcessMemory или WriteProcessMemory был выполнен только частично. (0x12B)
[0202/233127.949:ERROR:process_memory_win.cc(73)] ReadMemory at 0x1c752a7cb20 of 132 bytes failed: Запрос ReadProcessMemory или WriteProcessMemory был выполнен только частично. (0x12B)
[0202/233127.949:ERROR:process_memory_win.cc(73)] ReadMemory at 0x1c752a7cc50 of 132 bytes failed: Запрос ReadProcessMemory или WriteProcessMemory был выполнен только частично. (0x12B)
[0202/233127.949:ERROR:process_memory_win.cc(73)] ReadMemory at 0x1c752a7cf50 of 132 bytes failed: Запрос ReadProcessMemory или WriteProcessMemory был выполнен только частично. (0x12B)
[0202/233127.950:ERROR:process_memory_win.cc(73)] ReadMemory at 0x1c752a7d900 of 132 bytes failed: Запрос ReadProcessMemory или WriteProcessMemory был выполнен только частично. (0x12B)
[0202/233127.950:ERROR:process_memory_win.cc(73)] ReadMemory at 0x1c752a7da30 of 132 bytes failed: Запрос ReadProcessMemory или WriteProcessMemory был выполнен только частично. (0x12B)
[0202/233127.950:ERROR:process_memory_win.cc(73)] ReadMemory at 0x1c752a7db60 of 132 bytes failed: Запрос ReadProcessMemory или WriteProcessMemory был выполнен только частично. (0x12B)
[0202/233127.950:ERROR:process_memory_win.cc(73)] ReadMemory at 0x1c752a7dc90 of 132 bytes failed: Запрос ReadProcessMemory или WriteProcessMemory был выполнен только частично. (0x12B)
[0202/233127.950:ERROR:process_memory_win.cc(73)] ReadMemory at 0x1c752a7ddc0 of 132 bytes failed: Запрос ReadProcessMemory или WriteProcessMemory был выполнен только частично. (0x12B)
[0202/233127.950:ERROR:process_memory_win.cc(73)] ReadMemory at 0x1c752a7def0 of 132 bytes failed: Запрос ReadProcessMemory или WriteProcessMemory был выполнен только частично. (0x12B)
[0202/233127.951:ERROR:process_memory_win.cc(73)] ReadMemory at 0x1c752a7e150 of 132 bytes failed: Запрос ReadProcessMemory или WriteProcessMemory был выполнен только частично. (0x12B)
[0202/233127.951:ERROR:process_memory_win.cc(73)] ReadMemory at 0x1c752a7e280 of 132 bytes failed: Запрос ReadProcessMemory или WriteProcessMemory был выполнен только частично. (0x12B)
[0202/233127.951:ERROR:process_memory_win.cc(73)] ReadMemory at 0x1c752a7e3b0 of 132 bytes failed: Запрос ReadProcessMemory или WriteProcessMemory был выполнен только частично. (0x12B)
[0202/233127.951:ERROR:process_memory_win.cc(73)] ReadMemory at 0x1c752a7e4e0 of 132 bytes failed: Запрос ReadProcessMemory или WriteProcessMemory был выполнен только частично. (0x12B)
[0202/233127.952:ERROR:process_memory_win.cc(73)] ReadMemory at 0x1c752a7e610 of 132 bytes failed: Запрос ReadProcessMemory или WriteProcessMemory был выполнен только частично. (0x12B)
[0202/233127.952:ERROR:process_memory_win.cc(73)] ReadMemory at 0x1c752a7e740 of 132 bytes failed: Запрос ReadProcessMemory или WriteProcessMemory был выполнен только частично. (0x12B)
[0202/233127.952:ERROR:process_memory_win.cc(73)] ReadMemory at 0x1c752a80590 of 60 bytes failed: Запрос ReadProcessMemory или WriteProcessMemory был выполнен только частично. (0x12B)
[0202/233127.953:ERROR:process_memory_win.cc(73)] ReadMemory at 0x1c752a805e0 of 60 bytes failed: Запрос ReadProcessMemory или WriteProcessMemory был выполнен только частично. (0x12B)
[0202/233127.953:ERROR:process_memory_win.cc(73)] ReadMemory at 0x1c752a80720 of 64 bytes failed: Запрос ReadProcessMemory или WriteProcessMemory был выполнен только частично. (0x12B)
[0202/233127.953:ERROR:process_memory_win.cc(73)] ReadMemory at 0x1c752a80770 of 66 bytes failed: Запрос ReadProcessMemory или WriteProcessMemory был выполнен только частично. (0x12B)
[0202/233127.953:ERROR:process_memory_win.cc(73)] ReadMemory at 0x1c752a80860 of 64 bytes failed: Запрос ReadProcessMemory или WriteProcessMemory был выполнен только частично. (0x12B)
[0202/233127.953:ERROR:process_memory_win.cc(73)] ReadMemory at 0x1c752a808b0 of 62 bytes failed: Запрос ReadProcessMemory или WriteProcessMemory был выполнен только частично. (0x12B)
[0202/233127.953:ERROR:process_memory_win.cc(73)] ReadMemory at 0x1c752a80900 of 64 bytes failed: Запрос ReadProcessMemory или WriteProcessMemory был выполнен только частично. (0x12B)
[0202/233127.953:ERROR:process_memory_win.cc(73)] ReadMemory at 0x1c752a80950 of 60 bytes failed: Запрос ReadProcessMemory или WriteProcessMemory был выполнен только частично. (0x12B)
[0202/233127.953:ERROR:process_memory_win.cc(73)] ReadMemory at 0x1c752a80b30 of 62 bytes failed: Запрос ReadProcessMemory или WriteProcessMemory был выполнен только частично. (0x12B)
[0202/233127.954:ERROR:process_memory_win.cc(73)] ReadMemory at 0x1c752a80cc0 of 64 bytes failed: Запрос ReadProcessMemory или WriteProcessMemory был выполнен только частично. (0x12B)
[0202/233127.954:ERROR:process_memory_win.cc(73)] ReadMemory at 0x1c752a80d10 of 62 bytes failed: Запрос ReadProcessMemory или WriteProcessMemory был выполнен только частично. (0x12B)
[0202/233127.954:ERROR:process_memory_win.cc(73)] ReadMemory at 0x1c752a80f40 of 62 bytes failed: Запрос ReadProcessMemory или WriteProcessMemory был выполнен только частично. (0x12B)
[0202/233127.955:ERROR:process_memory_win.cc(73)] ReadMemory at 0x1c752a81030 of 64 bytes failed: Запрос ReadProcessMemory или WriteProcessMemory был выполнен только частично. (0x12B)
[0202/233127.955:ERROR:process_memory_win.cc(73)] ReadMemory at 0x1c752a84120 of 132 bytes failed: Запрос ReadProcessMemory или WriteProcessMemory был выполнен только частично. (0x12B)
[0202/233127.955:ERROR:process_memory_win.cc(73)] ReadMemory at 0x1c752a85540 of 132 bytes failed: Запрос ReadProcessMemory или WriteProcessMemory был выполнен только частично. (0x12B)
[0202/233127.955:ERROR:process_memory_win.cc(73)] ReadMemory at 0x1c752a85670 of 132 bytes failed: Запрос ReadProcessMemory или WriteProcessMemory был выполнен только частично. (0x12B)
[0202/233127.955:ERROR:process_memory_win.cc(73)] ReadMemory at 0x1c752a859d0 of 132 bytes failed: Запрос ReadProcessMemory или WriteProcessMemory был выполнен только частично. (0x12B)
[0202/233127.956:ERROR:process_memory_win.cc(73)] ReadMemory at 0x1c752a86220 of 54 bytes failed: Запрос ReadProcessMemory или WriteProcessMemory был выполнен только частично. (0x12B)
[0202/233127.956:ERROR:process_memory_win.cc(73)] ReadMemory at 0x1c752a86ed0 of 76 bytes failed: Запрос ReadProcessMemory или WriteProcessMemory был выполнен только частично. (0x12B)
[0202/233127.956:ERROR:process_memory_win.cc(73)] ReadMemory at 0x1c752a876b0 of 80 bytes failed: Запрос ReadProcessMemory или WriteProcessMemory был выполнен только частично. (0x12B)
[0202/233127.956:ERROR:process_memory_win.cc(73)] ReadMemory at 0x1c752a88610 of 62 bytes failed: Запрос ReadProcessMemory или WriteProcessMemory был выполнен только частично. (0x12B)
[0202/233127.956:ERROR:process_memory_win.cc(73)] ReadMemory at 0x1c752a88660 of 62 bytes failed: Запрос ReadProcessMemory или WriteProcessMemory был выполнен только частично. (0x12B)
[0202/233127.957:ERROR:process_memory_win.cc(73)] ReadMemory at 0x1c752a88840 of 62 bytes failed: Запрос ReadProcessMemory или WriteProcessMemory был выполнен только частично. (0x12B)
[0202/233127.957:ERROR:process_memory_win.cc(73)] ReadMemory at 0x1c752a88930 of 60 bytes failed: Запрос ReadProcessMemory или WriteProcessMemory был выполнен только частично. (0x12B)
[0202/233127.957:ERROR:process_memory_win.cc(73)] ReadMemory at 0x1c752a88b60 of 58 bytes failed: Запрос ReadProcessMemory или WriteProcessMemory был выполнен только частично. (0x12B)
[0202/233127.957:ERROR:process_memory_win.cc(73)] ReadMemory at 0x1c752a88bb0 of 64 bytes failed: Запрос ReadProcessMemory или WriteProcessMemory был выполнен только частично. (0x12B)
[0202/233127.957:ERROR:process_memory_win.cc(73)] ReadMemory at 0x1c752a88cf0 of 60 bytes failed: Запрос ReadProcessMemory или WriteProcessMemory был выполнен только частично. (0x12B)
[0202/233127.957:ERROR:process_memory_win.cc(73)] ReadMemory at 0x1c752a88d40 of 64 bytes failed: Запрос ReadProcessMemory или WriteProcessMemory был выполнен только частично. (0x12B)
[0202/233127.958:ERROR:process_memory_win.cc(73)] ReadMemory at 0x1c752a88e30 of 64 bytes failed: Запрос ReadProcessMemory или WriteProcessMemory был выполнен только частично. (0x12B)
[0202/233127.958:ERROR:process_memory_win.cc(73)] ReadMemory at 0x1c752a88e80 of 62 bytes failed: Запрос ReadProcessMemory или WriteProcessMemory был выполнен только частично. (0x12B)
[0202/233127.958:ERROR:process_memory_win.cc(73)] ReadMemory at 0x1c752a88ed0 of 66 bytes failed: Запрос ReadProcessMemory или WriteProcessMemory был выполнен только частично. (0x12B)
[0202/233127.958:ERROR:process_memory_win.cc(73)] ReadMemory at 0x1c752a88f20 of 62 bytes failed: Запрос ReadProcessMemory или WriteProcessMemory был выполнен только частично. (0x12B)
[0202/233127.958:ERROR:process_memory_win.cc(73)] ReadMemory at 0x1c752a88f70 of 60 bytes failed: Запрос ReadProcessMemory или WriteProcessMemory был выполнен только частично. (0x12B)
[0202/233127.958:ERROR:process_memory_win.cc(73)] ReadMemory at 0x1c752a89100 of 62 bytes failed: Запрос ReadProcessMemory или WriteProcessMemory был выполнен только частично. (0x12B)
[0202/233127.959:ERROR:process_memory_win.cc(73)] ReadMemory at 0x1c752a8b990 of 132 bytes failed: Запрос ReadProcessMemory или WriteProcessMemory был выполнен только частично. (0x12B)
[0202/233127.959:ERROR:process_memory_win.cc(73)] ReadMemory at 0x1c752a8bba0 of 132 bytes failed: Запрос ReadProcessMemory или WriteProcessMemory был выполнен только частично. (0x12B)
[0202/233127.959:ERROR:process_memory_win.cc(73)] ReadMemory at 0x1c752a8c000 of 132 bytes failed: Запрос ReadProcessMemory или WriteProcessMemory был выполнен только частично. (0x12B)
[0202/233127.959:ERROR:process_memory_win.cc(73)] ReadMemory at 0x1c752a8c130 of 132 bytes failed: Запрос ReadProcessMemory или WriteProcessMemory был выполнен только частично. (0x12B)
[0202/233127.959:ERROR:process_memory_win.cc(73)] ReadMemory at 0x1c752a8c260 of 132 bytes failed: Запрос ReadProcessMemory или WriteProcessMemory был выполнен только частично. (0x12B)
[0202/233127.960:ERROR:process_memory_win.cc(73)] ReadMemory at 0x1c752a8c390 of 132 bytes failed: Запрос ReadProcessMemory или WriteProcessMemory был выполнен только частично. (0x12B)
[0202/233127.960:ERROR:process_memory_win.cc(73)] ReadMemory at 0x1c752a8c4c0 of 132 bytes failed: Запрос ReadProcessMemory или WriteProcessMemory был выполнен только частично. (0x12B)
[0202/233127.960:ERROR:process_memory_win.cc(73)] ReadMemory at 0x1c752a8c5f0 of 132 bytes failed: Запрос ReadProcessMemory или WriteProcessMemory был выполнен только частично. (0x12B)
[0202/233127.960:ERROR:process_memory_win.cc(73)] ReadMemory at 0x1c752a8c720 of 132 bytes failed: Запрос ReadProcessMemory или WriteProcessMemory был выполнен только частично. (0x12B)
[0202/233127.960:ERROR:process_memory_win.cc(73)] ReadMemory at 0x1c752a8c850 of 132 bytes failed: Запрос ReadProcessMemory или WriteProcessMemory был выполнен только частично. (0x12B)
[0202/233127.961:ERROR:process_memory_win.cc(73)] ReadMemory at 0x1c752a8c980 of 132 bytes failed: Запрос ReadProcessMemory или WriteProcessMemory был выполнен только частично. (0x12B)
[0202/233127.961:ERROR:process_memory_win.cc(73)] ReadMemory at 0x1c752a8cab0 of 132 bytes failed: Запрос ReadProcessMemory или WriteProcessMemory был выполнен только частично. (0x12B)
[0202/233127.961:ERROR:process_memory_win.cc(73)] ReadMemory at 0x1c752a8cd10 of 132 bytes failed: Запрос ReadProcessMemory или WriteProcessMemory был выполнен только частично. (0x12B)
[0202/233127.961:ERROR:process_memory_win.cc(73)] ReadMemory at 0x1c752a8ce40 of 132 bytes failed: Запрос ReadProcessMemory или WriteProcessMemory был выполнен только частично. (0x12B)
[0202/233127.961:ERROR:process_memory_win.cc(73)] ReadMemory at 0x1c752a8cf70 of 132 bytes failed: Запрос ReadProcessMemory или WriteProcessMemory был выполнен только частично. (0x12B)
[0202/233127.961:ERROR:process_memory_win.cc(73)] ReadMemory at 0x1c752a8d300 of 132 bytes failed: Запрос ReadProcessMemory или WriteProcessMemory был выполнен только частично. (0x12B)
[0202/233127.962:ERROR:process_memory_win.cc(73)] ReadMemory at 0x1c752a8d7c0 of 132 bytes failed: Запрос ReadProcessMemory или WriteProcessMemory был выполнен только частично. (0x12B)
[0202/233127.962:ERROR:process_memory_win.cc(73)] ReadMemory at 0x1c752a8da20 of 132 bytes failed: Запрос ReadProcessMemory или WriteProcessMemory был выполнен только частично. (0x12B)
[0202/233127.962:ERROR:process_memory_win.cc(73)] ReadMemory at 0x1c752a8db50 of 132 bytes failed: Запрос ReadProcessMemory или WriteProcessMemory был выполнен только частично. (0x12B)
[0202/233127.962:ERROR:process_memory_win.cc(73)] ReadMemory at 0x1c752a8dc80 of 132 bytes failed: Запрос ReadProcessMemory или WriteProcessMemory был выполнен только частично. (0x12B)
[0202/233127.962:ERROR:process_memory_win.cc(73)] ReadMemory at 0x1c752a8ddb0 of 132 bytes failed: Запрос ReadProcessMemory или WriteProcessMemory был выполнен только частично. (0x12B)
[0202/233127.963:ERROR:process_memory_win.cc(73)] ReadMemory at 0x1c752adcc20 of 66 bytes failed: Запрос ReadProcessMemory или WriteProcessMemory был выполнен только частично. (0x12B)
[0202/233127.963:ERROR:process_memory_win.cc(73)] ReadMemory at 0x1c752aefa70 of 62 bytes failed: Запрос ReadProcessMemory или WriteProcessMemory был выполнен только частично. (0x12B)
[0202/233127.963:ERROR:process_memory_win.cc(73)] ReadMemory at 0x1c752aefac0 of 70 bytes failed: Запрос ReadProcessMemory или WriteProcessMemory был выполнен только частично. (0x12B)
[0202/233127.963:ERROR:process_memory_win.cc(73)] ReadMemory at 0x1c752aefb10 of 62 bytes failed: Запрос ReadProcessMemory или WriteProcessMemory был выполнен только частично. (0x12B)
[0202/233127.963:ERROR:process_memory_win.cc(73)] ReadMemory at 0x1c752aefb60 of 64 bytes failed: Запрос ReadProcessMemory или WriteProcessMemory был выполнен только частично. (0x12B)
[0202/233127.964:ERROR:process_memory_win.cc(73)] ReadMemory at 0x1c752aefc50 of 58 bytes failed: Запрос ReadProcessMemory или WriteProcessMemory был выполнен только частично. (0x12B)
[0202/233127.964:ERROR:process_memory_win.cc(73)] ReadMemory at 0x1c752af0830 of 60 bytes failed: Запрос ReadProcessMemory или WriteProcessMemory был выполнен только частично. (0x12B)
[0202/233127.964:ERROR:process_memory_win.cc(73)] ReadMemory at 0x1c752af33d0 of 544 bytes failed: Запрос ReadProcessMemory или WriteProcessMemory был выполнен только частично. (0x12B)
[0202/233127.964:ERROR:process_memory_win.cc(73)] ReadMemory at 0x1c752af4f10 of 54 bytes failed: Запрос ReadProcessMemory или WriteProcessMemory был выполнен только частично. (0x12B)
[0202/233127.965:ERROR:process_memory_win.cc(73)] ReadMemory at 0x1c752af9840 of 72 bytes failed: Запрос ReadProcessMemory или WriteProcessMemory был выполнен только частично. (0x12B)
[0202/233127.965:ERROR:process_memory_win.cc(73)] ReadMemory at 0x1c752b00398 of 512 bytes failed: Запрос ReadProcessMemory или WriteProcessMemory был выполнен только частично. (0x12B)
[0202/233127.965:ERROR:process_memory_win.cc(73)] ReadMemory at 0x1c752b1e8b0 of 712 bytes failed: Запрос ReadProcessMemory или WriteProcessMemory был выполнен только частично. (0x12B)
[0202/233127.965:ERROR:process_memory_win.cc(73)] ReadMemory at 0x1c752b24600 of 512 bytes failed: Запрос ReadProcessMemory или WriteProcessMemory был выполнен только частично. (0x12B)
[0202/233127.965:ERROR:process_memory_win.cc(73)] ReadMemory at 0x1c752b2ace0 of 512 bytes failed: Запрос ReadProcessMemory или WriteProcessMemory был выполнен только частично. (0x12B)
[0202/233127.966:ERROR:process_memory_win.cc(73)] ReadMemory at 0x1c752b2af50 of 512 bytes failed: Запрос ReadProcessMemory или WriteProcessMemory был выполнен только частично. (0x12B)
[0202/233127.966:ERROR:process_memory_win.cc(73)] ReadMemory at 0x1c752b4c038 of 512 bytes failed: Запрос ReadProcessMemory или WriteProcessMemory был выполнен только частично. (0x12B)
[0202/233127.967:ERROR:process_memory_win.cc(73)] ReadMemory at 0x1c752be0c40 of 1472 bytes failed: Запрос ReadProcessMemory или WriteProcessMemory был выполнен только частично. (0x12B)
[0202/233127.967:ERROR:process_memory_win.cc(73)] ReadMemory at 0x1c75456daf0 of 512 bytes failed: Запрос ReadProcessMemory или WriteProcessMemory был выполнен только частично. (0x12B)
[0202/233127.967:ERROR:process_memory_win.cc(73)] ReadMemory at 0x1c7545cc4b0 of 560 bytes failed: Запрос ReadProcessMemory или WriteProcessMemory был выполнен только частично. (0x12B)
[0202/233127.967:ERROR:process_memory_win.cc(73)] ReadMemory at 0x1c75488da20 of 512 bytes failed: Запрос ReadProcessMemory или WriteProcessMemory был выполнен только частично. (0x12B)
[0202/233127.967:ERROR:process_memory_win.cc(73)] ReadMemory at 0x1c7548a6220 of 512 bytes failed: Запрос ReadProcessMemory или WriteProcessMemory был выполнен только частично. (0x12B)
[0202/233127.968:ERROR:process_memory_win.cc(73)] ReadMemory at 0x1c7548e7908 of 512 bytes failed: Запрос ReadProcessMemory или WriteProcessMemory был выполнен только частично. (0x12B)
[0202/233127.968:ERROR:process_memory_win.cc(73)] ReadMemory at 0x7ff9af3d7959 of 512 bytes failed: Запрос ReadProcessMemory или WriteProcessMemory был выполнен только частично. (0x12B)
[0202/233127.968:ERROR:process_memory_win.cc(73)] ReadMemory at 0x7ff9aff94d09 of 512 bytes failed: Запрос ReadProcessMemory или WriteProcessMemory был выполнен только частично. (0x12B)
[0202/233127.968:ERROR:process_memory_win.cc(73)] ReadMemory at 0x7ffa39bed700 of 512 bytes failed: Запрос ReadProcessMemory или WriteProcessMemory был выполнен только частично. (0x12B)
[0202/233127.968:ERROR:process_memory_win.cc(73)] ReadMemory at 0x7ffa3a331fd0 of 512 bytes failed: Запрос ReadProcessMemory или WriteProcessMemory был выполнен только частично. (0x12B)
[0202/233127.969:ERROR:process_memory_win.cc(73)] ReadMemory at 0x7ffa3c2fc6f4 of 672 bytes failed: Запрос ReadProcessMemory или WriteProcessMemory был выполнен только частично. (0x12B)
[0202/233127.969:ERROR:process_memory_win.cc(73)] ReadMemory at 0x7ffa3c2fccf4 of 512 bytes failed: Запрос ReadProcessMemory или WriteProcessMemory был выполнен только частично. (0x12B)
[0202/233127.969:ERROR:process_memory_win.cc(73)] ReadMemory at 0x7ffa3c2fffa4 of 608 bytes failed: Запрос ReadProcessMemory или WriteProcessMemory был выполнен только частично. (0x12B)
[0202/233127.969:ERROR:process_memory_win.cc(73)] ReadMemory at 0x7ffa3c38c428 of 18 bytes failed: Запрос ReadProcessMemory или WriteProcessMemory был выполнен только частично. (0x12B)
[0202/233127.970:ERROR:process_memory_win.cc(73)] ReadMemory at 0x7ffa3c3bf4f8 of 40 bytes failed: Запрос ReadProcessMemory или WriteProcessMemory был выполнен только частично. (0x12B)
[0202/233127.970:ERROR:process_memory_win.cc(73)] ReadMemory at 0x7ffa3c3bf978 of 48 bytes failed: Запрос ReadProcessMemory или WriteProcessMemory был выполнен только частично. (0x12B)
[0202/233127.970:ERROR:process_memory_win.cc(73)] ReadMemory at 0x7ffa3c3c53c0 of 64 bytes failed: Запрос ReadProcessMemory или WriteProcessMemory был выполнен только частично. (0x12B)
[0202/233127.976:ERROR:scoped_process_suspend.cc(40)] NtResumeProcess: Попытка доступа к процессу, выполняющему процедуру завершения. (0xc000010a)
[0202/233127.982:ERROR:filesystem_win.cc(129)] GetFileAttributes C:\Users\РњСѓСЂР»РёРє\AppData\Local\AVAST Software\Browser\User Data\Crashpad\attachments\1a29be2a-2c8f-4cd0-a78e-bbb5ba3d4c40: Системе не удается найти указанный путь. (0x3)
[0203/133417.837:ERROR:directory_reader_win.cc(43)] FindFirstFile: Системе не удается найти указанный путь. (0x3)
[0205/042520.892:ERROR:directory_reader_win.cc(43)] FindFirstFile: Системе не удается найти указанный путь. (0x3)
[0206/225921.005:ERROR:directory_reader_win.cc(43)] FindFirstFile: Системе не удается найти указанный путь. (0x3)
[0206/225921.034:ERROR:filesystem_win.cc(129)] GetFileAttributes C:\Users\РњСѓСЂР»РёРє\AppData\Local\AVAST Software\Browser\User Data\Crashpad\attachments\41f75e51-8a61-49e8-b2d9-8c8ab7a62d18: Системе не удается найти указанный путь. (0x3)
